# JRE version: Java(TM) SE Runtime Environment (8.0_60-b27) (build 1.8.0_60-b27)
# Java VM: Java HotSpot(TM) 64-Bit Server VM (25.60-b23 mixed mode bsd-amd64 compressed oops)
Heap:
 PSYoungGen      total 113152K, used 102400K [0x00000007aab00000, 0x00000007b3100000, 0x00000007c0000000)
  eden space 102400K, 100% used [0x00000007aab00000,0x00000007b0f00000,0x00000007b0f00000)
  from space 10752K, 0% used [0x00000007b2680000,0x00000007b2680000,0x00000007b3100000)
  to   space 17408K, 28% used [0x00000007b0f00000,0x00000007b13c4f70,0x00000007b2000000)
 ParOldGen       total 131584K, used 48258K [0x0000000780000000, 0x0000000788080000, 0x00000007aab00000)
  object space 131584K, 36% used [0x0000000780000000,0x0000000782f20bc0,0x0000000788080000)
 Metaspace       used 50077K, capacity 52106K, committed 52352K, reserved 1093632K
  class space    used 6763K, capacity 7533K, committed 7552K, reserved 1048576K
GC Heap History (10 events):
Event: 33.165 GC heap after
Heap after GC invocations=24 (full 2):
 PSYoungGen      total 100352K, used 2656K [0x00000007aab00000, 0x00000007b1980000, 0x00000007c0000000)
  eden space 91648K, 0% used [0x00000007aab00000,0x00000007aab00000,0x00000007b0480000)
  from space 8704K, 30% used [0x00000007b1100000,0x00000007b1398010,0x00000007b1980000)
  to   space 10752K, 0% used [0x00000007b0480000,0x00000007b0480000,0x00000007b0f00000)
 ParOldGen       total 66560K, used 43896K [0x0000000780000000, 0x0000000784100000, 0x00000007aab00000)
  object space 66560K, 65% used [0x0000000780000000,0x0000000782ade200,0x0000000784100000)
 Metaspace       used 43319K, capacity 45080K, committed 45184K, reserved 1087488K
  class space    used 6086K, capacity 6719K, committed 6784K, reserved 1048576K
}
Event: 38.405 GC heap before
{Heap before GC invocations=25 (full 2):
 PSYoungGen      total 100352K, used 94304K [0x00000007aab00000, 0x00000007b1980000, 0x00000007c0000000)
  eden space 91648K, 100% used [0x00000007aab00000,0x00000007b0480000,0x00000007b0480000)
  from space 8704K, 30% used [0x00000007b1100000,0x00000007b1398010,0x00000007b1980000)
  to   space 10752K, 0% used [0x00000007b0480000,0x00000007b0480000,0x00000007b0f00000)
 ParOldGen       total 66560K, used 43896K [0x0000000780000000, 0x0000000784100000, 0x00000007aab00000)
  object space 66560K, 65% used [0x0000000780000000,0x0000000782ade200,0x0000000784100000)
 Metaspace       used 47059K, capacity 48824K, committed 49152K, reserved 1091584K
  class space    used 6434K, capacity 7071K, committed 7168K, reserved 1048576K
Event: 38.468 GC heap after
Heap after GC invocations=25 (full 2):
 PSYoungGen      total 102400K, used 10742K [0x00000007aab00000, 0x00000007b3880000, 0x00000007c0000000)
  eden space 91648K, 0% used [0x00000007aab00000,0x00000007aab00000,0x00000007b0480000)
  from space 10752K, 99% used [0x00000007b0480000,0x00000007b0efdaf8,0x00000007b0f00000)
  to   space 18432K, 0% used [0x00000007b2680000,0x00000007b2680000,0x00000007b3880000)
 ParOldGen       total 66560K, used 59918K [0x0000000780000000, 0x0000000784100000, 0x00000007aab00000)
  object space 66560K, 90% used [0x0000000780000000,0x0000000783a83858,0x0000000784100000)
 Metaspace       used 47059K, capacity 48824K, committed 49152K, reserved 1091584K
  class space    used 6434K, capacity 7071K, committed 7168K, reserved 1048576K
}
Event: 38.468 GC heap before
{Heap before GC invocations=26 (full 3):
 PSYoungGen      total 102400K, used 10742K [0x00000007aab00000, 0x00000007b3880000, 0x00000007c0000000)
  eden space 91648K, 0% used [0x00000007aab00000,0x00000007aab00000,0x00000007b0480000)
  from space 10752K, 99% used [0x00000007b0480000,0x00000007b0efdaf8,0x00000007b0f00000)
  to   space 18432K, 0% used [0x00000007b2680000,0x00000007b2680000,0x00000007b3880000)
 ParOldGen       total 66560K, used 59918K [0x0000000780000000, 0x0000000784100000, 0x00000007aab00000)
  object space 66560K, 90% used [0x0000000780000000,0x0000000783a83858,0x0000000784100000)
 Metaspace       used 47059K, capacity 48824K, committed 49152K, reserved 1091584K
  class space    used 6434K, capacity 7071K, committed 7168K, reserved 1048576K
Event: 39.438 GC heap after
Heap after GC invocations=26 (full 3):
 PSYoungGen      total 102400K, used 1510K [0x00000007aab00000, 0x00000007b3880000, 0x00000007c0000000)
  eden space 91648K, 0% used [0x00000007aab00000,0x00000007aab00000,0x00000007b0480000)
  from space 10752K, 14% used [0x00000007b0480000,0x00000007b05f9970,0x00000007b0f00000)
  to   space 18432K, 0% used [0x00000007b2680000,0x00000007b2680000,0x00000007b3880000)
 ParOldGen       total 131584K, used 66493K [0x0000000780000000, 0x0000000788080000, 0x00000007aab00000)
  object space 131584K, 50% used [0x0000000780000000,0x00000007840ef470,0x0000000788080000)
 Metaspace       used 47059K, capacity 48824K, committed 49152K, reserved 1091584K
  class space    used 6434K, capacity 7071K, committed 7168K, reserved 1048576K
}
Event: 69.512 GC heap before
{Heap before GC invocations=27 (full 3):
 PSYoungGen      total 102400K, used 84632K [0x00000007aab00000, 0x00000007b3880000, 0x00000007c0000000)
  eden space 91648K, 90% used [0x00000007aab00000,0x00000007afc2c7d8,0x00000007b0480000)
  from space 10752K, 14% used [0x00000007b0480000,0x00000007b05f9970,0x00000007b0f00000)
  to   space 18432K, 0% used [0x00000007b2680000,0x00000007b2680000,0x00000007b3880000)
 ParOldGen       total 131584K, used 66493K [0x0000000780000000, 0x0000000788080000, 0x00000007aab00000)
  object space 131584K, 50% used [0x0000000780000000,0x00000007840ef470,0x0000000788080000)
 Metaspace       used 49516K, capacity 51324K, committed 51584K, reserved 1093632K
  class space    used 6734K, capacity 7473K, committed 7552K, reserved 1048576K
Event: 69.666 GC heap after
Heap after GC invocations=27 (full 3):
 PSYoungGen      total 113152K, used 5569K [0x00000007aab00000, 0x00000007b3100000, 0x00000007c0000000)
  eden space 102400K, 0% used [0x00000007aab00000,0x00000007aab00000,0x00000007b0f00000)
  from space 10752K, 51% used [0x00000007b2680000,0x00000007b2bf06c0,0x00000007b3100000)
  to   space 17408K, 0% used [0x00000007b0f00000,0x00000007b0f00000,0x00000007b2000000)
 ParOldGen       total 131584K, used 68031K [0x0000000780000000, 0x0000000788080000, 0x00000007aab00000)
  object space 131584K, 51% used [0x0000000780000000,0x000000078426ffd0,0x0000000788080000)
 Metaspace       used 49516K, capacity 51324K, committed 51584K, reserved 1093632K
  class space    used 6734K, capacity 7473K, committed 7552K, reserved 1048576K
}
Event: 69.666 GC heap before
{Heap before GC invocations=28 (full 4):
 PSYoungGen      total 113152K, used 5569K [0x00000007aab00000, 0x00000007b3100000, 0x00000007c0000000)
  eden space 102400K, 0% used [0x00000007aab00000,0x00000007aab00000,0x00000007b0f00000)
  from space 10752K, 51% used [0x00000007b2680000,0x00000007b2bf06c0,0x00000007b3100000)
  to   space 17408K, 0% used [0x00000007b0f00000,0x00000007b0f00000,0x00000007b2000000)
 ParOldGen       total 131584K, used 68031K [0x0000000780000000, 0x0000000788080000, 0x00000007aab00000)
  object space 131584K, 51% used [0x0000000780000000,0x000000078426ffd0,0x0000000788080000)
 Metaspace       used 49516K, capacity 51324K, committed 51584K, reserved 1093632K
  class space    used 6734K, capacity 7473K, committed 7552K, reserved 1048576K
Event: 70.401 GC heap after
Heap after GC invocations=28 (full 4):
 PSYoungGen      total 113152K, used 0K [0x00000007aab00000, 0x00000007b3100000, 0x00000007c0000000)
  eden space 102400K, 0% used [0x00000007aab00000,0x00000007aab00000,0x00000007b0f00000)
  from space 10752K, 0% used [0x00000007b2680000,0x00000007b2680000,0x00000007b3100000)
  to   space 17408K, 0% used [0x00000007b0f00000,0x00000007b0f00000,0x00000007b2000000)
 ParOldGen       total 131584K, used 48250K [0x0000000780000000, 0x0000000788080000, 0x00000007aab00000)
  object space 131584K, 36% used [0x0000000780000000,0x0000000782f1ebc0,0x0000000788080000)
 Metaspace       used 49516K, capacity 51324K, committed 51584K, reserved 1093632K
  class space    used 6734K, capacity 7473K, committed 7552K, reserved 1048576K
}
Event: 3858.630 GC heap before
{Heap before GC invocations=29 (full 4):
 PSYoungGen      total 113152K, used 102400K [0x00000007aab00000, 0x00000007b3100000, 0x00000007c0000000)
  eden space 102400K, 100% used [0x00000007aab00000,0x00000007b0f00000,0x00000007b0f00000)
  from space 10752K, 0% used [0x00000007b2680000,0x00000007b2680000,0x00000007b3100000)
  to   space 17408K, 0% used [0x00000007b0f00000,0x00000007b0f00000,0x00000007b2000000)
 ParOldGen       total 131584K, used 48250K [0x0000000780000000, 0x0000000788080000, 0x00000007aab00000)
  object space 131584K, 36% used [0x0000000780000000,0x0000000782f1ebc0,0x0000000788080000)
 Metaspace       used 50077K, capacity 52106K, committed 52352K, reserved 1093632K
  class space    used 6763K, capacity 7533K, committed 7552K, reserved 1048576K

